<?xml version="1.0" encoding="UTF-8"?>
<testng-results skipped="0" failed="0" total="2" passed="2">
  <reporter-output>
  </reporter-output>
  <suite name="Default suite" duration-ms="28" started-at="2019-09-15T12:45:12Z" finished-at="2019-09-15T12:45:12Z">
    <groups>
    </groups>
    <test name="Default test" duration-ms="28" started-at="2019-09-15T12:45:12Z" finished-at="2019-09-15T12:45:12Z">
      <class name="Maven.Test.UIAutomationTest">
        <test-method status="PASS" signature="inValidlogin()[pri:0, instance:Maven.Test.UIAutomationTest@55d56113]" name="inValidlogin" duration-ms="8" started-at="2019-09-15T18:15:12Z" finished-at="2019-09-15T18:15:12Z">
          <reporter-output>
          </reporter-output>
        </test-method> <!-- inValidlogin -->
        <test-method status="PASS" signature="login()[pri:0, instance:Maven.Test.UIAutomationTest@55d56113]" name="login" duration-ms="1" started-at="2019-09-15T18:15:12Z" finished-at="2019-09-15T18:15:12Z">
          <reporter-output>
          </reporter-output>
        </test-method> <!-- login -->
      </class> <!-- Maven.Test.UIAutomationTest -->
    </test> <!-- Default test -->
  </suite> <!-- Default suite -->
</testng-results>
